<?xml version="1.0" encoding="UTF-8"?>
<!-- Generated by org.testng.reporters.JUnitXMLReporter -->
<testsuite ignored="14" hostname="DESKTOP-0E78LUQ" failures="0" tests="1" name="Default test" time="8.593" errors="0" timestamp="2022-12-05T22:30:13 IST">
  <testcase classname="com.drb.script.DrbTest" name="deleteProfile" time="4.572"/>
  <testcase classname="com.drb.script.DrbTest" name="validCreateProfile" time="0.0">
    <ignored/>
  </testcase> <!-- validCreateProfile -->
  <testcase classname="com.drb.script.DrbTest" name="downloadTemplate3" time="0.0">
    <ignored/>
  </testcase> <!-- downloadTemplate3 -->
  <testcase classname="com.drb.script.DrbTest" name="validEditProfile" time="0.0">
    <ignored/>
  </testcase> <!-- validEditProfile -->
  <testcase classname="com.drb.script.DrbTest" name="downloadTemplate2" time="0.0">
    <ignored/>
  </testcase> <!-- downloadTemplate2 -->
  <testcase classname="com.drb.script.DrbTest" name="validAllCreateProfile" time="0.0">
    <ignored/>
  </testcase> <!-- validAllCreateProfile -->
  <testcase classname="com.drb.script.DrbTest" name="inValidlogin1" time="0.0">
    <ignored/>
  </testcase> <!-- inValidlogin1 -->
  <testcase classname="com.drb.script.DrbTest" name="logOut" time="0.0">
    <ignored/>
  </testcase> <!-- logOut -->
  <testcase classname="com.drb.script.DrbTest" name="inValidSignUpWithExisting" time="0.0">
    <ignored/>
  </testcase> <!-- inValidSignUpWithExisting -->
  <testcase classname="com.drb.script.DrbTest" name="validAllEditProfile" time="0.0">
    <ignored/>
  </testcase> <!-- validAllEditProfile -->
  <testcase classname="com.drb.script.DrbTest" name="invalidSignUp" time="0.0">
    <ignored/>
  </testcase> <!-- invalidSignUp -->
  <testcase classname="com.drb.script.DrbTest" name="validlogin" time="0.0">
    <ignored/>
  </testcase> <!-- validlogin -->
  <testcase classname="com.drb.script.DrbTest" name="invalidEditProfile" time="0.0">
    <ignored/>
  </testcase> <!-- invalidEditProfile -->
  <testcase classname="com.drb.script.DrbTest" name="validSignUp" time="0.0">
    <ignored/>
  </testcase> <!-- validSignUp -->
  <testcase classname="com.drb.script.DrbTest" name="downloadTemplate1" time="0.0">
    <ignored/>
  </testcase> <!-- downloadTemplate1 -->
</testsuite> <!-- Default test -->
